<?xml version="1.0" encoding="UTF-8"?>
<testng-results ignored="0" total="1" passed="1" failed="0" skipped="0">
  <reporter-output>
  </reporter-output>
  <suite started-at="2026-03-07T18:30:06 IST" name="Suite" finished-at="2026-03-07T18:31:00 IST" duration-ms="53827">
    <groups>
    </groups>
    <test started-at="2026-03-07T18:30:06 IST" name="Test" finished-at="2026-03-07T18:31:00 IST" duration-ms="53827">
      <class name="EndToEndTestOrangeHrm.EndToEndTest">
        <test-method signature="endToendFlow1()[pri:0, instance:EndToEndTestOrangeHrm.EndToEndTest@3590fc5b]" started-at="2026-03-07T18:30:06 IST" name="endToendFlow1" finished-at="2026-03-07T18:31:00 IST" duration-ms="53584" status="PASS">
          <reporter-output>
          </reporter-output>
        </test-method> <!-- endToendFlow1 -->
      </class> <!-- EndToEndTestOrangeHrm.EndToEndTest -->
    </test> <!-- Test -->
  </suite> <!-- Suite -->
</testng-results>
